#
# There is insufficient memory for the Java Runtime Environment to continue.
# Native memory allocation (mmap) failed to map 264241152 bytes for G1 virtual space
# Possible reasons:
#   The system is out of physical RAM or swap space
#   The process is running with CompressedOops enabled, and the Java Heap may be blocking the growth of the native heap
# Possible solutions:
#   Reduce memory load on the system
#   Increase physical memory or swap space
#   Check if swap backing store is full
#   Decrease Java heap size (-Xmx/-Xms)
#   Decrease number of Java threads
#   Decrease Java thread stack sizes (-Xss)
#   Set larger code cache with -XX:ReservedCodeCacheSize=
#   JVM is running with Zero Based Compressed Oops mode in which the Java heap is
#     placed in the first 32GB address space. The Java Heap base address is the
#     maximum limit for the native heap growth. Please use -XX:HeapBaseMinAddress
#     to set the Java Heap base and to place the Java Heap above 32GB virtual address.
# This output file may be truncated or incomplete.
#
#  Out of Memory Error (os_windows.cpp:3600), pid=21624, tid=39772
#
# JRE version:  (21.0.4+8) (build )
# Java VM: Java HotSpot(TM) 64-Bit Server VM (21.0.4+8-LTS-274, mixed mode, sharing, tiered, compressed oops, compressed class ptrs, g1 gc, windows-amd64)
# No core dump will be written. Minidumps are not enabled by default on client versions of Windows
#

---------------  S U M M A R Y ------------

Command Line: -Dfile.encoding=UTF-8 -Dstdout.encoding=UTF-8 -Dstderr.encoding=UTF-8 --module-path=C:\Users\javie\Documents\GitHub\AlquilerCoches\bin -XX:+ShowCodeDetailsInExceptionMessages -Djdk.module.main=secac secac/view.LoginView

Host: 13th Gen Intel(R) Core(TM) i5-13420H, 12 cores, 15G,  Windows 11 , 64 bit Build 26100 (10.0.26100.3912)
Time: Wed May 14 00:16:49 2025 Hora de verano romance elapsed time: 2.034767 seconds (0d 0h 0m 2s)

---------------  T H R E A D  ---------------

Current thread (0x0000026b73def8c0):  JavaThread "Unknown thread" [_thread_in_vm, id=39772, stack(0x000000effd400000,0x000000effd500000) (1024K)]

Stack: [0x000000effd400000,0x000000effd500000]
Native frames: (J=compiled Java code, j=interpreted, Vv=VM code, C=native code)
V  [jvm.dll+0x6c8e59]
V  [jvm.dll+0x853181]
V  [jvm.dll+0x8556ae]
V  [jvm.dll+0x855d83]
V  [jvm.dll+0x27d526]
V  [jvm.dll+0x6c55f5]
V  [jvm.dll+0x6ba17a]
V  [jvm.dll+0x352a8a]
V  [jvm.dll+0x35a6e6]
V  [jvm.dll+0x3acdae]
V  [jvm.dll+0x3ad058]
V  [jvm.dll+0x326dec]
V  [jvm.dll+0x32794b]
V  [jvm.dll+0x81c569]
V  [jvm.dll+0x3b9a11]
V  [jvm.dll+0x805948]
V  [jvm.dll+0x44ec5e]
V  [jvm.dll+0x450851]
C  [jli.dll+0x52a3]
C  [ucrtbase.dll+0x37b0]
C  [KERNEL32.DLL+0x2e8d7]
C  [ntdll.dll+0x9c5dc]


---------------  P R O C E S S  ---------------

Threads class SMR info:
_java_thread_list=0x00007ffadd846c08, length=0, elements={
}

Java Threads: ( => current thread )
Total: 0

Other Threads:
  0x0000026b72231490 WorkerThread "GC Thread#0"                     [id=33712, stack(0x000000effd500000,0x000000effd600000) (1024K)]
  0x0000026b73e665f0 ConcurrentGCThread "G1 Main Marker"            [id=23584, stack(0x000000effd600000,0x000000effd700000) (1024K)]
  0x0000026b722309b0 WorkerThread "G1 Conc#0"                       [id=36024, stack(0x000000effd700000,0x000000effd800000) (1024K)]

[error occurred during error reporting (printing all threads), id 0xc0000005, EXCEPTION_ACCESS_VIOLATION (0xc0000005) at pc=0x00007ffadcfb9577]
VM state: not at safepoint (not fully initialized)

VM Mutex/Monitor currently owned by a thread:  ([mutex/lock_event])
[0x00007ffadd8b7f98] Heap_lock - owner thread: 0x0000026b73def8c0

Heap address: 0x0000000704a00000, size: 4022 MB, Compressed Oops mode: Zero based, Oop shift amount: 3

CDS archive(s) mapped at: [0x0000000000000000-0x0000000000000000-0x0000000000000000), size 0, SharedBaseAddress: 0x0000000800000000, ArchiveRelocationMode: 1.
Narrow klass base: 0x0000000000000000, Narrow klass shift: 0, Narrow klass range: 0x0

GC Precious Log:
 CardTable entry size: 512
 Card Set container configuration: InlinePtr #cards 4 size 8 Array Of Cards #cards 16 size 48 Howl #buckets 8 coarsen threshold 3686 Howl Bitmap #cards 512 size 80 coarsen threshold 460 Card regions per heap region 1 cards per card region 4096

Heap:
 garbage-first heap   total 0K, used 0K [0x0000000704a00000, 0x0000000800000000)
  region size 2048K, 0 young (0K), 0 survivors (0K)

[error occurred during error reporting (printing heap information), id 0xc0000005, EXCEPTION_ACCESS_VIOLATION (0xc0000005) at pc=0x00007ffadd3a1df9]
GC Heap History (0 events):
No events

Dll operation events (1 events):
Event: 0.008 Loaded shared library C:\Program Files\Java\jdk-21.0.4\bin\java.dll

Deoptimization events (0 events):
No events

Classes loaded (0 events):
No events

Classes unloaded (0 events):
No events

Classes redefined (0 events):
No events

Internal exceptions (0 events):
No events

ZGC Phase Switch (0 events):
No events

VM Operations (0 events):
No events

Events (0 events):
No events


Dynamic libraries:
0x00007ff642350000 - 0x00007ff642360000 	C:\Program Files\Java\jdk-21.0.4\bin\javaw.exe
0x00007ffb3ca60000 - 0x00007ffb3ccc6000 	C:\WINDOWS\SYSTEM32\ntdll.dll
0x00007ffac8230000 - 0x00007ffac824b000 	C:\Program Files\Norton\Suite\aswhook.dll
0x00007ffb3bfc0000 - 0x00007ffb3c089000 	C:\WINDOWS\System32\KERNEL32.DLL
0x00007ffb3a2d0000 - 0x00007ffb3a69c000 	C:\WINDOWS\System32\KERNELBASE.dll
0x00007ffb39f00000 - 0x00007ffb3a04b000 	C:\WINDOWS\System32\ucrtbase.dll
0x00007ffb346d0000 - 0x00007ffb346e9000 	C:\Program Files\Java\jdk-21.0.4\bin\jli.dll
0x00007ffb346b0000 - 0x00007ffb346cb000 	C:\Program Files\Java\jdk-21.0.4\bin\VCRUNTIME140.dll
0x00007ffb3ba20000 - 0x00007ffb3bad2000 	C:\WINDOWS\System32\ADVAPI32.dll
0x00007ffb3b1b0000 - 0x00007ffb3b259000 	C:\WINDOWS\System32\msvcrt.dll
0x00007ffb3a820000 - 0x00007ffb3a8c6000 	C:\WINDOWS\System32\sechost.dll
0x00007ffb3a930000 - 0x00007ffb3aa46000 	C:\WINDOWS\System32\RPCRT4.dll
0x00007ffb3c5d0000 - 0x00007ffb3c79a000 	C:\WINDOWS\System32\USER32.dll
0x00007ffb39c90000 - 0x00007ffb39cb7000 	C:\WINDOWS\System32\win32u.dll
0x00007ffb3acf0000 - 0x00007ffb3ad1b000 	C:\WINDOWS\System32\GDI32.dll
0x00007ffb3a050000 - 0x00007ffb3a182000 	C:\WINDOWS\System32\gdi32full.dll
0x00007ffb15fe0000 - 0x00007ffb1627a000 	C:\WINDOWS\WinSxS\amd64_microsoft.windows.common-controls_6595b64144ccf1df_6.0.26100.3912_none_3e07963ce335137e\COMCTL32.dll
0x00007ffb3a220000 - 0x00007ffb3a2c3000 	C:\WINDOWS\System32\msvcp_win.dll
0x00007ffb23620000 - 0x00007ffb2362b000 	C:\WINDOWS\SYSTEM32\VERSION.dll
0x00007ffb3c540000 - 0x00007ffb3c570000 	C:\WINDOWS\System32\IMM32.DLL
0x00007ffb34580000 - 0x00007ffb3458c000 	C:\Program Files\Java\jdk-21.0.4\bin\vcruntime140_1.dll
0x00007ffaf0000000 - 0x00007ffaf008e000 	C:\Program Files\Java\jdk-21.0.4\bin\msvcp140.dll
0x00007ffadcc80000 - 0x00007ffadd993000 	C:\Program Files\Java\jdk-21.0.4\bin\server\jvm.dll
0x00007ffb3b270000 - 0x00007ffb3b2e4000 	C:\WINDOWS\System32\WS2_32.dll
0x00007ffb387e0000 - 0x00007ffb3883e000 	C:\WINDOWS\SYSTEM32\POWRPROF.dll
0x00007ffb29210000 - 0x00007ffb29246000 	C:\WINDOWS\SYSTEM32\WINMM.dll
0x00007ffb387c0000 - 0x00007ffb387d4000 	C:\WINDOWS\SYSTEM32\UMPDC.dll
0x00007ffb38a90000 - 0x00007ffb38aaa000 	C:\WINDOWS\SYSTEM32\kernel.appcore.dll
0x00007ffb32a60000 - 0x00007ffb32a6a000 	C:\Program Files\Java\jdk-21.0.4\bin\jimage.dll
0x00007ffb37180000 - 0x00007ffb373c1000 	C:\WINDOWS\SYSTEM32\DBGHELP.DLL
0x00007ffb3c100000 - 0x00007ffb3c484000 	C:\WINDOWS\System32\combase.dll
0x00007ffb3bd30000 - 0x00007ffb3be10000 	C:\WINDOWS\System32\OLEAUT32.dll
0x00007ffb21ff0000 - 0x00007ffb22029000 	C:\WINDOWS\SYSTEM32\dbgcore.DLL
0x00007ffb39bf0000 - 0x00007ffb39c89000 	C:\WINDOWS\System32\bcryptPrimitives.dll
0x00007ffb32a40000 - 0x00007ffb32a5f000 	C:\Program Files\Java\jdk-21.0.4\bin\java.dll

dbghelp: loaded successfully - version: 4.0.5 - missing functions: none
symbol engine: initialized successfully - sym options: 0x614 - pdb path: .;C:\Program Files\Java\jdk-21.0.4\bin;C:\WINDOWS\SYSTEM32;C:\Program Files\Norton\Suite;C:\WINDOWS\WinSxS\amd64_microsoft.windows.common-controls_6595b64144ccf1df_6.0.26100.3912_none_3e07963ce335137e;C:\Program Files\Java\jdk-21.0.4\bin\server

VM Arguments:
jvm_args: -Dfile.encoding=UTF-8 -Dstdout.encoding=UTF-8 -Dstderr.encoding=UTF-8 --module-path=C:\Users\javie\Documents\GitHub\AlquilerCoches\bin -XX:+ShowCodeDetailsInExceptionMessages -Djdk.module.main=secac 
java_command: secac/view.LoginView
java_class_path (initial): C:\Users\javie\Documents\GitHub\AlquilerCoches\mysql-connector-j-8.0.32.jar;C:\Users\javie\Documents\GitHub\AlquilerCoches\lib\miglayout-swing.jar;C:\Users\javie\Documents\GitHub\AlquilerCoches\lib\miglayout-core.jar
Launcher Type: SUN_STANDARD

[Global flags]
     intx CICompilerCount                          = 4                                         {product} {ergonomic}
     uint ConcGCThreads                            = 3                                         {product} {ergonomic}
     uint G1ConcRefinementThreads                  = 10                                        {product} {ergonomic}
   size_t G1HeapRegionSize                         = 2097152                                   {product} {ergonomic}
    uintx GCDrainStackTargetSize                   = 64                                        {product} {ergonomic}
   size_t InitialHeapSize                          = 264241152                                 {product} {ergonomic}
   size_t MarkStackSize                            = 4194304                                   {product} {ergonomic}
   size_t MaxHeapSize                              = 4217372672                                {product} {ergonomic}
   size_t MinHeapDeltaBytes                        = 2097152                                   {product} {ergonomic}
   size_t MinHeapSize                              = 8388608                                   {product} {ergonomic}
    uintx NonNMethodCodeHeapSize                   = 5839372                                {pd product} {ergonomic}
    uintx NonProfiledCodeHeapSize                  = 122909434                              {pd product} {ergonomic}
    uintx ProfiledCodeHeapSize                     = 122909434                              {pd product} {ergonomic}
    uintx ReservedCodeCacheSize                    = 251658240                              {pd product} {ergonomic}
     bool SegmentedCodeCache                       = true                                      {product} {ergonomic}
     bool ShowCodeDetailsInExceptionMessages       = true                                   {manageable} {command line}
   size_t SoftMaxHeapSize                          = 4217372672                             {manageable} {ergonomic}
     bool UseCompressedOops                        = true                           {product lp64_product} {ergonomic}
     bool UseG1GC                                  = true                                      {product} {ergonomic}
     bool UseLargePagesIndividualAllocation        = false                                  {pd product} {ergonomic}

Logging:
Log output configuration:
 #0: stdout all=warning uptime,level,tags foldmultilines=false
 #1: stderr all=off uptime,level,tags foldmultilines=false

Environment Variables:
JAVA_HOME=C:\OpenJDK23\jdk-23.0.2
PATH=C:/Program Files/Java/jdk-21.0.3/bin/server;C:/Program Files/Java/jdk-21.0.3/bin;C:\Program Files\Java\jdk-21.0.4;C:\WINDOWS\system32;C:\WINDOWS;C:\WINDOWS\System32\Wbem;C:\WINDOWS\System32\WindowsPowerShell\v1.0\;C:\WINDOWS\System32\OpenSSH\;C:\Program Files\dotnet\;C:\Program Files\nodejs\;C:\Users\javie\Desktop\jdk-23.0.2\bin;C:\apache-maven\apache-maven-3.9.9\bin;C:\OpenJDK23\jdk-23.0.2\bin;C:\OpenJDK23\jdk-23.0.2\bin;C:\Program Files\apache-maven-3.9.9-binbin;C:\Program Files\Git\cmd;C:\Program Files\Docker\Docker\resources\bin;C:\Users\javie\AppData\Local\Programs\Microsoft VS Code\bin;C:\OpenJDK23\jdk-23.0.2;C:\Users\javie\.dotnet\tools;C:\Users\javie\AppData\Local\Microsoft\WindowsApps;C:\Users\javie\AppData\Roaming\npm;C:\Users\javie\AppData\Local\GitHubDesktop\bin;;C:\WINDOWS\System32;
USERNAME=javie
OS=Windows_NT
PROCESSOR_IDENTIFIER=Intel64 Family 6 Model 186 Stepping 2, GenuineIntel
TMP=C:\Users\javie\AppData\Local\Temp
TEMP=C:\Users\javie\AppData\Local\Temp




Periodic native trim disabled

---------------  S Y S T E M  ---------------

OS:
 Windows 11 , 64 bit Build 26100 (10.0.26100.3912)
OS uptime: 5 days 4:34 hours
Hyper-V role detected

CPU: total 12 (initial active 12) (6 cores per cpu, 2 threads per core) family 6 model 186 stepping 2 microcode 0x5103, cx8, cmov, fxsr, ht, mmx, 3dnowpref, sse, sse2, sse3, ssse3, sse4.1, sse4.2, popcnt, lzcnt, tsc, tscinvbit, avx, avx2, aes, erms, clmul, bmi1, bmi2, adx, sha, fma, vzeroupper, clflush, clflushopt, clwb, hv, serialize, rdtscp, rdpid, fsrm, f16c, cet_ibt, cet_ss
Processor Information for processor 0
  Max Mhz: 2100, Current Mhz: 2100, Mhz Limit: 2100
Processor Information for processor 1
  Max Mhz: 2100, Current Mhz: 2100, Mhz Limit: 2100
Processor Information for processor 2
  Max Mhz: 2100, Current Mhz: 2100, Mhz Limit: 2100
Processor Information for processor 3
  Max Mhz: 2100, Current Mhz: 2100, Mhz Limit: 2100
Processor Information for processor 4
  Max Mhz: 2100, Current Mhz: 2100, Mhz Limit: 2100
Processor Information for processor 5
  Max Mhz: 2100, Current Mhz: 2100, Mhz Limit: 2100
Processor Information for processor 6
  Max Mhz: 2100, Current Mhz: 2100, Mhz Limit: 2100
Processor Information for processor 7
  Max Mhz: 2100, Current Mhz: 2100, Mhz Limit: 2100
Processor Information for processor 8
  Max Mhz: 2100, Current Mhz: 1540, Mhz Limit: 2100
Processor Information for processor 9
  Max Mhz: 2100, Current Mhz: 2100, Mhz Limit: 2100
Processor Information for processor 10
  Max Mhz: 2100, Current Mhz: 1540, Mhz Limit: 2100
Processor Information for processor 11
  Max Mhz: 2100, Current Mhz: 1540, Mhz Limit: 2100

Memory: 4k page, system-wide physical 16087M (2602M free)
TotalPageFile size 65239M (AvailPageFile size 115M)
current process WorkingSet (physical memory assigned to process): 12M, peak: 12M
current process commit charge ("private bytes"): 64M, peak: 316M

vm_info: Java HotSpot(TM) 64-Bit Server VM (21.0.4+8-LTS-274) for windows-amd64 JRE (21.0.4+8-LTS-274), built on 2024-06-05T05:23:33Z by "mach5one" with MS VC++ 17.6 (VS2022)

END.
